<?xml version="1.0" encoding="UTF-8" ?>
<testsuite failures="10" time="0.121" errors="0" skipped="0" tests="13" name="org.colswe.junitlab.logica.ControlFestivoContarHorasTest">
  <properties>
    <property name="java.runtime.name" value="Java(TM) SE Runtime Environment"/>
    <property name="sun.boot.library.path" value="C:\Program Files\Java\jdk1.7.0_15\jre\bin"/>
    <property name="java.vm.version" value="23.7-b01"/>
    <property name="java.vm.vendor" value="Oracle Corporation"/>
    <property name="java.vendor.url" value="http://java.oracle.com/"/>
    <property name="path.separator" value=";"/>
    <property name="guice.disable.misplaced.annotation.check" value="true"/>
    <property name="java.vm.name" value="Java HotSpot(TM) Client VM"/>
    <property name="file.encoding.pkg" value="sun.io"/>
    <property name="user.script" value=""/>
    <property name="user.country" value="CO"/>
    <property name="sun.java.launcher" value="SUN_STANDARD"/>
    <property name="sun.os.patch.level" value="Service Pack 1"/>
    <property name="test" value="org.colswe.junitlab.logica.ControlFestivoContarHorasTest"/>
    <property name="java.vm.specification.name" value="Java Virtual Machine Specification"/>
    <property name="user.dir" value="D:\Universidad Nacional de Colombia\Ingeniería de Sistemas y Computación\VIII\Temas Especiales de Ingeniería de Software II\Laboratorios\Lab 6 (Jira)\tddTaller"/>
    <property name="java.runtime.version" value="1.7.0_15-b03"/>
    <property name="java.awt.graphicsenv" value="sun.awt.Win32GraphicsEnvironment"/>
    <property name="java.endorsed.dirs" value="C:\Program Files\Java\jdk1.7.0_15\jre\lib\endorsed"/>
    <property name="os.arch" value="x86"/>
    <property name="java.io.tmpdir" value="C:\Users\andres\AppData\Local\Temp\"/>
    <property name="line.separator" value="
"/>
    <property name="java.vm.specification.vendor" value="Oracle Corporation"/>
    <property name="user.variant" value=""/>
    <property name="os.name" value="Windows 7"/>
    <property name="classworlds.conf" value="C:\Program Files\NetBeans 7.3\java\maven\bin\m2.conf"/>
    <property name="sun.jnu.encoding" value="Cp1252"/>
    <property name="java.library.path" value="C:\Program Files\Java\jdk1.7.0_15\bin;C:\windows\Sun\Java\bin;C:\windows\system32;C:\windows;C:\sybase\DataAccess\ODBC\dll;C:\sybase\RPL-15_0\bin;C:\sybase\UAF-2_0\bin;C:\sybase\OCS-15_0\lib3p;C:\sybase\OCS-15_0\dll;C:\sybase\OCS-15_0\bin;C:\sybase\ASE-15_0\dll;C:\sybase\ASE-15_0\bin;C:\Program Files\CollabNet\Subversion Client;C:\Program Files\Common Files\Microsoft Shared\Windows Live;C:\Program Files\PC Connectivity Solution\;C:\windows\system32;C:\windows;C:\windows\System32\Wbem;C:\windows\System32\WindowsPowerShell\v1.0\;C:\Program Files\Broadcom\Broadcom 802.11 Network Adapter\Driver;C:\Program Files\Windows Live\Shared;C:\Program Files\WIDCOMM\Bluetooth Software\;C:\Program Files\Microsoft SQL Server\100\Tools\Binn\;C:\Program Files\Microsoft SQL Server\100\DTS\Binn\;C:\Program Files\Microsoft SQL Server\100\Tools\Binn\VSShell\Common7\IDE\;C:\Program Files\Microsoft SQL Server\90\Tools\binn\;C:\Program Files\Calibre2\;C:\Program Files\Mercurial\;C:\Program Files\MATLAB\R2011a\runtime\win32;C:\Program Files\MATLAB\R2011a\bin;C:\sybase\DBISQL\bin;C:\Program Files\NetBeans 7.3\java\maven/bin;."/>
    <property name="java.specification.name" value="Java Platform API Specification"/>
    <property name="java.class.version" value="51.0"/>
    <property name="sun.management.compiler" value="HotSpot Client Compiler"/>
    <property name="os.version" value="6.1"/>
    <property name="user.home" value="C:\Users\andres"/>
    <property name="user.timezone" value="America/Bogota"/>
    <property name="java.awt.printerjob" value="sun.awt.windows.WPrinterJob"/>
    <property name="java.specification.version" value="1.7"/>
    <property name="file.encoding" value="Cp1252"/>
    <property name="java.net.useSystemProxies" value="true"/>
    <property name="user.name" value="andres"/>
    <property name="java.class.path" value="C:\Program Files\NetBeans 7.3\java\maven\boot\plexus-classworlds-2.4.jar"/>
    <property name="java.vm.specification.version" value="1.7"/>
    <property name="sun.arch.data.model" value="32"/>
    <property name="java.home" value="C:\Program Files\Java\jdk1.7.0_15\jre"/>
    <property name="sun.java.command" value="org.codehaus.plexus.classworlds.launcher.Launcher -Dtest=org.colswe.junitlab.logica.ControlFestivoContarHorasTest -Djava.net.useSystemProxies=true test-compile surefire:test"/>
    <property name="java.specification.vendor" value="Oracle Corporation"/>
    <property name="user.language" value="es"/>
    <property name="awt.toolkit" value="sun.awt.windows.WToolkit"/>
    <property name="java.vm.info" value="mixed mode, sharing"/>
    <property name="java.version" value="1.7.0_15"/>
    <property name="java.ext.dirs" value="C:\Program Files\Java\jdk1.7.0_15\jre\lib\ext;C:\windows\Sun\Java\lib\ext"/>
    <property name="sun.boot.class.path" value="C:\Program Files\Java\jdk1.7.0_15\jre\lib\resources.jar;C:\Program Files\Java\jdk1.7.0_15\jre\lib\rt.jar;C:\Program Files\Java\jdk1.7.0_15\jre\lib\sunrsasign.jar;C:\Program Files\Java\jdk1.7.0_15\jre\lib\jsse.jar;C:\Program Files\Java\jdk1.7.0_15\jre\lib\jce.jar;C:\Program Files\Java\jdk1.7.0_15\jre\lib\charsets.jar;C:\Program Files\Java\jdk1.7.0_15\jre\lib\jfr.jar;C:\Program Files\Java\jdk1.7.0_15\jre\classes"/>
    <property name="java.vendor" value="Oracle Corporation"/>
    <property name="maven.home" value="C:\Program Files\NetBeans 7.3\java\maven"/>
    <property name="file.separator" value="\"/>
    <property name="java.vendor.url.bug" value="http://bugreport.sun.com/bugreport/"/>
    <property name="sun.cpu.endian" value="little"/>
    <property name="sun.io.unicode.encoding" value="UnicodeLittle"/>
    <property name="sun.desktop" value="windows"/>
    <property name="sun.cpu.isalist" value="pentium_pro+mmx pentium_pro pentium+mmx pentium i486 i386 i86"/>
  </properties>
  <testcase time="0.086" classname="org.colswe.junitlab.logica.ControlFestivoContarHorasTest" name="testViernesDeQuincenaFestivoNoLaborable">
    <failure message="expected:&lt;44&gt; but was:&lt;52&gt;" type="junit.framework.AssertionFailedError">junit.framework.AssertionFailedError: expected:&lt;44&gt; but was:&lt;52&gt;
	at junit.framework.Assert.fail(Assert.java:47)
	at junit.framework.Assert.failNotEquals(Assert.java:282)
	at junit.framework.Assert.assertEquals(Assert.java:64)
	at junit.framework.Assert.assertEquals(Assert.java:71)
	at org.colswe.junitlab.logica.ControlFestivoContarHorasTest.testViernesDeQuincenaFestivoNoLaborable(ControlFestivoContarHorasTest.java:657)
</failure>
  </testcase>
  <testcase time="0.001" classname="org.colswe.junitlab.logica.ControlFestivoContarHorasTest" name="testViernesDeQuincenaFestivoLaborable">
    <failure message="expected:&lt;60&gt; but was:&lt;68&gt;" type="junit.framework.AssertionFailedError">junit.framework.AssertionFailedError: expected:&lt;60&gt; but was:&lt;68&gt;
	at junit.framework.Assert.fail(Assert.java:47)
	at junit.framework.Assert.failNotEquals(Assert.java:282)
	at junit.framework.Assert.assertEquals(Assert.java:64)
	at junit.framework.Assert.assertEquals(Assert.java:71)
	at org.colswe.junitlab.logica.ControlFestivoContarHorasTest.testViernesDeQuincenaFestivoLaborable(ControlFestivoContarHorasTest.java:687)
</failure>
  </testcase>
  <testcase time="0" classname="org.colswe.junitlab.logica.ControlFestivoContarHorasTest" name="testLimitesDeIntervaloViernesDeQuincena">
    <failure message="expected:&lt;76&gt; but was:&lt;96&gt;" type="junit.framework.AssertionFailedError">junit.framework.AssertionFailedError: expected:&lt;76&gt; but was:&lt;96&gt;
	at junit.framework.Assert.fail(Assert.java:47)
	at junit.framework.Assert.failNotEquals(Assert.java:282)
	at junit.framework.Assert.assertEquals(Assert.java:64)
	at junit.framework.Assert.assertEquals(Assert.java:71)
	at org.colswe.junitlab.logica.ControlFestivoContarHorasTest.testLimitesDeIntervaloViernesDeQuincena(ControlFestivoContarHorasTest.java:717)
</failure>
  </testcase>
  <testcase time="0.002" classname="org.colswe.junitlab.logica.ControlFestivoContarHorasTest" name="testViernesDeQuincenaMes28Dias">
    <failure message="expected:&lt;38&gt; but was:&lt;52&gt;" type="junit.framework.AssertionFailedError">junit.framework.AssertionFailedError: expected:&lt;38&gt; but was:&lt;52&gt;
	at junit.framework.Assert.fail(Assert.java:47)
	at junit.framework.Assert.failNotEquals(Assert.java:282)
	at junit.framework.Assert.assertEquals(Assert.java:64)
	at junit.framework.Assert.assertEquals(Assert.java:71)
	at org.colswe.junitlab.logica.ControlFestivoContarHorasTest.testViernesDeQuincenaMes28Dias(ControlFestivoContarHorasTest.java:742)
</failure>
  </testcase>
  <testcase time="0.001" classname="org.colswe.junitlab.logica.ControlFestivoContarHorasTest" name="testViernesDeQuincenaMes29Dias">
    <failure message="expected:&lt;38&gt; but was:&lt;52&gt;" type="junit.framework.AssertionFailedError">junit.framework.AssertionFailedError: expected:&lt;38&gt; but was:&lt;52&gt;
	at junit.framework.Assert.fail(Assert.java:47)
	at junit.framework.Assert.failNotEquals(Assert.java:282)
	at junit.framework.Assert.assertEquals(Assert.java:64)
	at junit.framework.Assert.assertEquals(Assert.java:71)
	at org.colswe.junitlab.logica.ControlFestivoContarHorasTest.testViernesDeQuincenaMes29Dias(ControlFestivoContarHorasTest.java:765)
</failure>
  </testcase>
  <testcase time="0.001" classname="org.colswe.junitlab.logica.ControlFestivoContarHorasTest" name="testViernesDeQuincenaMes30Dias">
    <failure message="expected:&lt;38&gt; but was:&lt;60&gt;" type="junit.framework.AssertionFailedError">junit.framework.AssertionFailedError: expected:&lt;38&gt; but was:&lt;60&gt;
	at junit.framework.Assert.fail(Assert.java:47)
	at junit.framework.Assert.failNotEquals(Assert.java:282)
	at junit.framework.Assert.assertEquals(Assert.java:64)
	at junit.framework.Assert.assertEquals(Assert.java:71)
	at org.colswe.junitlab.logica.ControlFestivoContarHorasTest.testViernesDeQuincenaMes30Dias(ControlFestivoContarHorasTest.java:788)
</failure>
  </testcase>
  <testcase time="0.001" classname="org.colswe.junitlab.logica.ControlFestivoContarHorasTest" name="testViernesDeQuincenaMes31Dias">
    <failure message="expected:&lt;38&gt; but was:&lt;52&gt;" type="junit.framework.AssertionFailedError">junit.framework.AssertionFailedError: expected:&lt;38&gt; but was:&lt;52&gt;
	at junit.framework.Assert.fail(Assert.java:47)
	at junit.framework.Assert.failNotEquals(Assert.java:282)
	at junit.framework.Assert.assertEquals(Assert.java:64)
	at junit.framework.Assert.assertEquals(Assert.java:71)
	at org.colswe.junitlab.logica.ControlFestivoContarHorasTest.testViernesDeQuincenaMes31Dias(ControlFestivoContarHorasTest.java:811)
</failure>
  </testcase>
  <testcase time="0.004" classname="org.colswe.junitlab.logica.ControlFestivoContarHorasTest" name="testFuncionalidadEsperada"/>
  <testcase time="0.002" classname="org.colswe.junitlab.logica.ControlFestivoContarHorasTest" name="testIntervaloNoValido"/>
  <testcase time="0.003" classname="org.colswe.junitlab.logica.ControlFestivoContarHorasTest" name="testIntervalosIguales">
    <failure message="expected:&lt;234&gt; but was:&lt;256&gt;" type="junit.framework.AssertionFailedError">junit.framework.AssertionFailedError: expected:&lt;234&gt; but was:&lt;256&gt;
	at junit.framework.Assert.fail(Assert.java:47)
	at junit.framework.Assert.failNotEquals(Assert.java:282)
	at junit.framework.Assert.assertEquals(Assert.java:64)
	at junit.framework.Assert.assertEquals(Assert.java:71)
	at org.colswe.junitlab.logica.ControlFestivoContarHorasTest.testIntervalosIguales(ControlFestivoContarHorasTest.java:458)
</failure>
  </testcase>
  <testcase time="0.003" classname="org.colswe.junitlab.logica.ControlFestivoContarHorasTest" name="testCruceDeFechas">
    <failure message="expected:&lt;332&gt; but was:&lt;356&gt;" type="junit.framework.AssertionFailedError">junit.framework.AssertionFailedError: expected:&lt;332&gt; but was:&lt;356&gt;
	at junit.framework.Assert.fail(Assert.java:47)
	at junit.framework.Assert.failNotEquals(Assert.java:282)
	at junit.framework.Assert.assertEquals(Assert.java:64)
	at junit.framework.Assert.assertEquals(Assert.java:71)
	at org.colswe.junitlab.logica.ControlFestivoContarHorasTest.testCruceDeFechas(ControlFestivoContarHorasTest.java:563)
</failure>
  </testcase>
  <testcase time="0" classname="org.colswe.junitlab.logica.ControlFestivoContarHorasTest" name="testFechasInvalidas"/>
  <testcase time="0.003" classname="org.colswe.junitlab.logica.ControlFestivoContarHorasTest" name="testFechasIguales">
    <failure message="expected:&lt;0&gt; but was:&lt;8&gt;" type="junit.framework.AssertionFailedError">junit.framework.AssertionFailedError: expected:&lt;0&gt; but was:&lt;8&gt;
	at junit.framework.Assert.fail(Assert.java:47)
	at junit.framework.Assert.failNotEquals(Assert.java:282)
	at junit.framework.Assert.assertEquals(Assert.java:64)
	at junit.framework.Assert.assertEquals(Assert.java:71)
	at org.colswe.junitlab.logica.ControlFestivoContarHorasTest.testFechasIguales(ControlFestivoContarHorasTest.java:133)
</failure>
  </testcase>
</testsuite>