-------------------------------------------------------------------------------
Test set: org.colswe.junitlab.logica.ControlFestivoContarHorasTest
-------------------------------------------------------------------------------
Tests run: 6, Failures: 4, Errors: 0, Skipped: 0, Time elapsed: 0.088 sec <<< FAILURE!
testFechasIguales(org.colswe.junitlab.logica.ControlFestivoContarHorasTest)  Time elapsed: 0.015 sec  <<< FAILURE!
junit.framework.AssertionFailedError: expected:<8> but was:<0>
	at junit.framework.Assert.fail(Assert.java:47)
	at junit.framework.Assert.failNotEquals(Assert.java:282)
	at junit.framework.Assert.assertEquals(Assert.java:64)
	at junit.framework.Assert.assertEquals(Assert.java:71)
	at org.colswe.junitlab.logica.ControlFestivoContarHorasTest.testFechasIguales(ControlFestivoContarHorasTest.java:100)

testFuncionalidadEsperada(org.colswe.junitlab.logica.ControlFestivoContarHorasTest)  Time elapsed: 0.004 sec  <<< FAILURE!
junit.framework.AssertionFailedError: expected:<16> but was:<0>
	at junit.framework.Assert.fail(Assert.java:47)
	at junit.framework.Assert.failNotEquals(Assert.java:282)
	at junit.framework.Assert.assertEquals(Assert.java:64)
	at junit.framework.Assert.assertEquals(Assert.java:71)
	at org.colswe.junitlab.logica.ControlFestivoContarHorasTest.testFuncionalidadEsperada(ControlFestivoContarHorasTest.java:197)

testIntervalosIguales(org.colswe.junitlab.logica.ControlFestivoContarHorasTest)  Time elapsed: 0.003 sec  <<< FAILURE!
junit.framework.AssertionFailedError: expected:<240> but was:<144>
	at junit.framework.Assert.fail(Assert.java:47)
	at junit.framework.Assert.failNotEquals(Assert.java:282)
	at junit.framework.Assert.assertEquals(Assert.java:64)
	at junit.framework.Assert.assertEquals(Assert.java:71)
	at org.colswe.junitlab.logica.ControlFestivoContarHorasTest.testIntervalosIguales(ControlFestivoContarHorasTest.java:417)

testCruceDeFechas(org.colswe.junitlab.logica.ControlFestivoContarHorasTest)  Time elapsed: 0.005 sec  <<< FAILURE!
junit.framework.AssertionFailedError: expected:<332> but was:<196>
	at junit.framework.Assert.fail(Assert.java:47)
	at junit.framework.Assert.failNotEquals(Assert.java:282)
	at junit.framework.Assert.assertEquals(Assert.java:64)
	at junit.framework.Assert.assertEquals(Assert.java:71)
	at org.colswe.junitlab.logica.ControlFestivoContarHorasTest.testCruceDeFechas(ControlFestivoContarHorasTest.java:515)

