-------------------------------------------------------------------------------
Test set: org.colswe.junitlab.logica.ControlFestivoContarHorasTest
-------------------------------------------------------------------------------
Tests run: 8, Failures: 5, Errors: 0, Skipped: 0, Time elapsed: 0.06 sec <<< FAILURE!
testViernesDeQuincenaFestivoNoLaborable(org.colswe.junitlab.logica.ControlFestivoContarHorasTest)  Time elapsed: 0.028 sec  <<< FAILURE!
junit.framework.AssertionFailedError: expected:<44> but was:<52>
	at junit.framework.Assert.fail(Assert.java:47)
	at junit.framework.Assert.failNotEquals(Assert.java:282)
	at junit.framework.Assert.assertEquals(Assert.java:64)
	at junit.framework.Assert.assertEquals(Assert.java:71)
	at org.colswe.junitlab.logica.ControlFestivoContarHorasTest.testViernesDeQuincenaFestivoNoLaborable(ControlFestivoContarHorasTest.java:654)
testViernesDeQuincenaFestivoLaborable(org.colswe.junitlab.logica.ControlFestivoContarHorasTest)  Time elapsed: 0 sec  <<< FAILURE!
junit.framework.AssertionFailedError: expected:<60> but was:<68>
	at junit.framework.Assert.fail(Assert.java:47)
	at junit.framework.Assert.failNotEquals(Assert.java:282)
	at junit.framework.Assert.assertEquals(Assert.java:64)
	at junit.framework.Assert.assertEquals(Assert.java:71)
	at org.colswe.junitlab.logica.ControlFestivoContarHorasTest.testViernesDeQuincenaFestivoLaborable(ControlFestivoContarHorasTest.java:690)
testCruceDeFechas(org.colswe.junitlab.logica.ControlFestivoContarHorasTest)  Time elapsed: 0.004 sec  <<< FAILURE!
junit.framework.AssertionFailedError: expected:<332> but was:<356>
	at junit.framework.Assert.fail(Assert.java:47)
	at junit.framework.Assert.failNotEquals(Assert.java:282)
	at junit.framework.Assert.assertEquals(Assert.java:64)
	at junit.framework.Assert.assertEquals(Assert.java:71)
	at org.colswe.junitlab.logica.ControlFestivoContarHorasTest.testCruceDeFechas(ControlFestivoContarHorasTest.java:554)
testFechasIguales(org.colswe.junitlab.logica.ControlFestivoContarHorasTest)  Time elapsed: 0.004 sec  <<< FAILURE!
junit.framework.AssertionFailedError: expected:<0> but was:<8>
	at junit.framework.Assert.fail(Assert.java:47)
	at junit.framework.Assert.failNotEquals(Assert.java:282)
	at junit.framework.Assert.assertEquals(Assert.java:64)
	at junit.framework.Assert.assertEquals(Assert.java:71)
	at org.colswe.junitlab.logica.ControlFestivoContarHorasTest.testFechasIguales(ControlFestivoContarHorasTest.java:130)
testIntervalosIguales(org.colswe.junitlab.logica.ControlFestivoContarHorasTest)  Time elapsed: 0.003 sec  <<< FAILURE!
junit.framework.AssertionFailedError: expected:<240> but was:<256>
	at junit.framework.Assert.fail(Assert.java:47)
	at junit.framework.Assert.failNotEquals(Assert.java:282)
	at junit.framework.Assert.assertEquals(Assert.java:64)
	at junit.framework.Assert.assertEquals(Assert.java:71)
	at org.colswe.junitlab.logica.ControlFestivoContarHorasTest.testIntervalosIguales(ControlFestivoContarHorasTest.java:451)
