<?xml version="1.0" encoding="UTF-8" ?>
<testsuite failures="4" time="0.088" errors="0" skipped="0" tests="6" name="org.colswe.junitlab.logica.ControlFestivoContarHorasTest">
  <properties>
    <property name="java.runtime.name" value="Java(TM) SE Runtime Environment"/>
    <property name="sun.boot.library.path" value="/System/Library/Java/JavaVirtualMachines/1.6.0.jdk/Contents/Libraries"/>
    <property name="java.vm.version" value="20.14-b01-447"/>
    <property name="awt.nativeDoubleBuffering" value="true"/>
    <property name="gopherProxySet" value="false"/>
    <property name="mrj.build" value="11M4203"/>
    <property name="java.vm.vendor" value="Apple Inc."/>
    <property name="java.vendor.url" value="http://www.apple.com/"/>
    <property name="path.separator" value=":"/>
    <property name="java.vm.name" value="Java HotSpot(TM) 64-Bit Server VM"/>
    <property name="file.encoding.pkg" value="sun.io"/>
    <property name="user.country" value="FR"/>
    <property name="sun.java.launcher" value="SUN_STANDARD"/>
    <property name="sun.os.patch.level" value="unknown"/>
    <property name="java.vm.specification.name" value="Java Virtual Machine Specification"/>
    <property name="user.dir" value="/Users/juanmanuelmartinezromero/Documents/Eclipse/Workspace/tddTaller"/>
    <property name="java.runtime.version" value="1.6.0_43-b01-447-11M4203"/>
    <property name="java.awt.graphicsenv" value="apple.awt.CGraphicsEnvironment"/>
    <property name="basedir" value="/Users/juanmanuelmartinezromero/Documents/Eclipse/Workspace/tddTaller"/>
    <property name="java.endorsed.dirs" value="/System/Library/Java/JavaVirtualMachines/1.6.0.jdk/Contents/Home/lib/endorsed"/>
    <property name="os.arch" value="x86_64"/>
    <property name="surefire.real.class.path" value="/Users/juanmanuelmartinezromero/Documents/Eclipse/Workspace/tddTaller/target/surefire/surefirebooter591726694011127175.jar:/var/folders/8f/yyl7fqpd27l_69x9s84hpvk00000gn/T/jacocoagent3843820481263774612.jar"/>
    <property name="java.io.tmpdir" value="/var/folders/8f/yyl7fqpd27l_69x9s84hpvk00000gn/T/"/>
    <property name="line.separator" value="
"/>
    <property name="java.vm.specification.vendor" value="Sun Microsystems Inc."/>
    <property name="os.name" value="Mac OS X"/>
    <property name="sun.jnu.encoding" value="MacRoman"/>
    <property name="java.library.path" value=".:/Library/Java/Extensions:/System/Library/Java/Extensions:/usr/lib/java"/>
    <property name="surefire.test.class.path" value="/Users/juanmanuelmartinezromero/Documents/Eclipse/Workspace/tddTaller/target/test-classes:/Users/juanmanuelmartinezromero/Documents/Eclipse/Workspace/tddTaller/target/classes:/Users/juanmanuelmartinezromero/.m2/repository/junit/junit/3.8.1/junit-3.8.1.jar:"/>
    <property name="java.specification.name" value="Java Platform API Specification"/>
    <property name="java.class.version" value="50.0"/>
    <property name="sun.management.compiler" value="HotSpot 64-Bit Tiered Compilers"/>
    <property name="os.version" value="10.7.5"/>
    <property name="user.home" value="/Users/juanmanuelmartinezromero"/>
    <property name="user.timezone" value="America/Bogota"/>
    <property name="java.awt.printerjob" value="apple.awt.CPrinterJob"/>
    <property name="java.specification.version" value="1.6"/>
    <property name="file.encoding" value="MacRoman"/>
    <property name="user.name" value="juanmanuelmartinezromero"/>
    <property name="java.class.path" value="/Users/juanmanuelmartinezromero/Documents/Eclipse/Workspace/tddTaller/target/test-classes:/Users/juanmanuelmartinezromero/Documents/Eclipse/Workspace/tddTaller/target/classes:/Users/juanmanuelmartinezromero/.m2/repository/junit/junit/3.8.1/junit-3.8.1.jar:"/>
    <property name="java.vm.specification.version" value="1.0"/>
    <property name="sun.arch.data.model" value="64"/>
    <property name="java.home" value="/System/Library/Java/JavaVirtualMachines/1.6.0.jdk/Contents/Home"/>
    <property name="sun.java.command" value="/Users/juanmanuelmartinezromero/Documents/Eclipse/Workspace/tddTaller/target/surefire/surefirebooter591726694011127175.jar /Users/juanmanuelmartinezromero/Documents/Eclipse/Workspace/tddTaller/target/surefire/surefire2056494113031277603tmp /Users/juanmanuelmartinezromero/Documents/Eclipse/Workspace/tddTaller/target/surefire/surefire3588702307728755664tmp"/>
    <property name="java.specification.vendor" value="Sun Microsystems Inc."/>
    <property name="user.language" value="fr"/>
    <property name="awt.toolkit" value="apple.awt.CToolkit"/>
    <property name="java.vm.info" value="mixed mode"/>
    <property name="java.version" value="1.6.0_43"/>
    <property name="java.ext.dirs" value="/Library/Java/Extensions:/System/Library/Java/Extensions:/System/Library/Java/JavaVirtualMachines/1.6.0.jdk/Contents/Home/lib/ext"/>
    <property name="sun.boot.class.path" value="/System/Library/Java/JavaVirtualMachines/1.6.0.jdk/Contents/Classes/jsfd.jar:/System/Library/Java/JavaVirtualMachines/1.6.0.jdk/Contents/Classes/classes.jar:/System/Library/Frameworks/JavaVM.framework/Frameworks/JavaRuntimeSupport.framework/Resources/Java/JavaRuntimeSupport.jar:/System/Library/Java/JavaVirtualMachines/1.6.0.jdk/Contents/Classes/ui.jar:/System/Library/Java/JavaVirtualMachines/1.6.0.jdk/Contents/Classes/laf.jar:/System/Library/Java/JavaVirtualMachines/1.6.0.jdk/Contents/Classes/sunrsasign.jar:/System/Library/Java/JavaVirtualMachines/1.6.0.jdk/Contents/Classes/jsse.jar:/System/Library/Java/JavaVirtualMachines/1.6.0.jdk/Contents/Classes/jce.jar:/System/Library/Java/JavaVirtualMachines/1.6.0.jdk/Contents/Classes/charsets.jar"/>
    <property name="java.vendor" value="Apple Inc."/>
    <property name="localRepository" value="/Users/juanmanuelmartinezromero/.m2/repository"/>
    <property name="file.separator" value="/"/>
    <property name="java.vendor.url.bug" value="http://bugreport.apple.com/"/>
    <property name="sun.cpu.endian" value="little"/>
    <property name="sun.io.unicode.encoding" value="UnicodeLittle"/>
    <property name="mrj.version" value="1070.1.6.0_43-447"/>
    <property name="sun.cpu.isalist" value=""/>
  </properties>
  <testcase time="0.021" classname="org.colswe.junitlab.logica.ControlFestivoContarHorasTest" name="testFechasInvalidas"/>
  <testcase time="0.017" classname="org.colswe.junitlab.logica.ControlFestivoContarHorasTest" name="testFechasIguales">
    <failure message="expected:&lt;8&gt; but was:&lt;0&gt;" type="junit.framework.AssertionFailedError">junit.framework.AssertionFailedError: expected:&lt;8&gt; but was:&lt;0&gt;
	at junit.framework.Assert.fail(Assert.java:47)
	at junit.framework.Assert.failNotEquals(Assert.java:282)
	at junit.framework.Assert.assertEquals(Assert.java:64)
	at junit.framework.Assert.assertEquals(Assert.java:71)
	at org.colswe.junitlab.logica.ControlFestivoContarHorasTest.testFechasIguales(ControlFestivoContarHorasTest.java:100)
</failure>
  </testcase>
  <testcase time="0.005" classname="org.colswe.junitlab.logica.ControlFestivoContarHorasTest" name="testFuncionalidadEsperada">
    <failure message="expected:&lt;16&gt; but was:&lt;0&gt;" type="junit.framework.AssertionFailedError">junit.framework.AssertionFailedError: expected:&lt;16&gt; but was:&lt;0&gt;
	at junit.framework.Assert.fail(Assert.java:47)
	at junit.framework.Assert.failNotEquals(Assert.java:282)
	at junit.framework.Assert.assertEquals(Assert.java:64)
	at junit.framework.Assert.assertEquals(Assert.java:71)
	at org.colswe.junitlab.logica.ControlFestivoContarHorasTest.testFuncionalidadEsperada(ControlFestivoContarHorasTest.java:197)
</failure>
  </testcase>
  <testcase time="0.003" classname="org.colswe.junitlab.logica.ControlFestivoContarHorasTest" name="testIntervaloNoValido"/>
  <testcase time="0.004" classname="org.colswe.junitlab.logica.ControlFestivoContarHorasTest" name="testIntervalosIguales">
    <failure message="expected:&lt;240&gt; but was:&lt;144&gt;" type="junit.framework.AssertionFailedError">junit.framework.AssertionFailedError: expected:&lt;240&gt; but was:&lt;144&gt;
	at junit.framework.Assert.fail(Assert.java:47)
	at junit.framework.Assert.failNotEquals(Assert.java:282)
	at junit.framework.Assert.assertEquals(Assert.java:64)
	at junit.framework.Assert.assertEquals(Assert.java:71)
	at org.colswe.junitlab.logica.ControlFestivoContarHorasTest.testIntervalosIguales(ControlFestivoContarHorasTest.java:417)
</failure>
  </testcase>
  <testcase time="0.005" classname="org.colswe.junitlab.logica.ControlFestivoContarHorasTest" name="testCruceDeFechas">
    <failure message="expected:&lt;332&gt; but was:&lt;196&gt;" type="junit.framework.AssertionFailedError">junit.framework.AssertionFailedError: expected:&lt;332&gt; but was:&lt;196&gt;
	at junit.framework.Assert.fail(Assert.java:47)
	at junit.framework.Assert.failNotEquals(Assert.java:282)
	at junit.framework.Assert.assertEquals(Assert.java:64)
	at junit.framework.Assert.assertEquals(Assert.java:71)
	at org.colswe.junitlab.logica.ControlFestivoContarHorasTest.testCruceDeFechas(ControlFestivoContarHorasTest.java:515)
</failure>
  </testcase>
</testsuite>