<?xml version="1.0" encoding="UTF-8" ?>
<testsuite failures="4" time="0.088" errors="0" skipped="0" tests="6" name="org.colswe.junitlab.logica.ControlFestivoContarHorasTest">
  <properties>
[...]
</properties>
  <testcase time="0.021" classname="org.colswe.junitlab.logica.ControlFestivoContarHorasTest" name="testFechasInvalidas"/>
  <testcase time="0.017" classname="org.colswe.junitlab.logica.ControlFestivoContarHorasTest" name="testFechasIguales">
    <failure message="expected:&lt;8&gt; but was:&lt;0&gt;" type="junit.framework.AssertionFailedError">junit.framework.AssertionFailedError: expected:&lt;8&gt; but was:&lt;0&gt;
	at junit.framework.Assert.fail(Assert.java:47)
	at junit.framework.Assert.failNotEquals(Assert.java:282)
	at junit.framework.Assert.assertEquals(Assert.java:64)
	at junit.framework.Assert.assertEquals(Assert.java:71)
	at org.colswe.junitlab.logica.ControlFestivoContarHorasTest.testFechasIguales(ControlFestivoContarHorasTest.java:100)
</failure>
  </testcase>
  <testcase time="0.005" classname="org.colswe.junitlab.logica.ControlFestivoContarHorasTest" name="testFuncionalidadEsperada">
    <failure message="expected:&lt;16&gt; but was:&lt;0&gt;" type="junit.framework.AssertionFailedError">junit.framework.AssertionFailedError: expected:&lt;16&gt; but was:&lt;0&gt;
	at junit.framework.Assert.fail(Assert.java:47)
	at junit.framework.Assert.failNotEquals(Assert.java:282)
	at junit.framework.Assert.assertEquals(Assert.java:64)
	at junit.framework.Assert.assertEquals(Assert.java:71)
	at org.colswe.junitlab.logica.ControlFestivoContarHorasTest.testFuncionalidadEsperada(ControlFestivoContarHorasTest.java:197)
</failure>
  </testcase>
  <testcase time="0.003" classname="org.colswe.junitlab.logica.ControlFestivoContarHorasTest" name="testIntervaloNoValido"/>
  <testcase time="0.004" classname="org.colswe.junitlab.logica.ControlFestivoContarHorasTest" name="testIntervalosIguales">
    <failure message="expected:&lt;240&gt; but was:&lt;144&gt;" type="junit.framework.AssertionFailedError">junit.framework.AssertionFailedError: expected:&lt;240&gt; but was:&lt;144&gt;
	at junit.framework.Assert.fail(Assert.java:47)
	at junit.framework.Assert.failNotEquals(Assert.java:282)
	at junit.framework.Assert.assertEquals(Assert.java:64)
	at junit.framework.Assert.assertEquals(Assert.java:71)
	at org.colswe.junitlab.logica.ControlFestivoContarHorasTest.testIntervalosIguales(ControlFestivoContarHorasTest.java:417)
</failure>
  </testcase>
  <testcase time="0.005" classname="org.colswe.junitlab.logica.ControlFestivoContarHorasTest" name="testCruceDeFechas">
    <failure message="expected:&lt;332&gt; but was:&lt;196&gt;" type="junit.framework.AssertionFailedError">junit.framework.AssertionFailedError: expected:&lt;332&gt; but was:&lt;196&gt;
	at junit.framework.Assert.fail(Assert.java:47)
	at junit.framework.Assert.failNotEquals(Assert.java:282)
	at junit.framework.Assert.assertEquals(Assert.java:64)
	at junit.framework.Assert.assertEquals(Assert.java:71)
	at org.colswe.junitlab.logica.ControlFestivoContarHorasTest.testCruceDeFechas(ControlFestivoContarHorasTest.java:515)
</failure>
  </testcase>
</testsuite>